<?xml version="1.0" encoding="UTF-8"?>
<testsuite xmlns:xsi="http://www.w3.org/2001/XMLSchema-instance" xsi:noNamespaceSchemaLocation="https://maven.apache.org/surefire/maven-surefire-plugin/xsd/surefire-test-report-3.0.xsd" version="3.0" name="com.eventbus.client.EventBusClientTest" time="12.277" tests="7" errors="0" skipped="0" failures="0">
  <properties>
[...]
</properties>
  <testcase name="testPublishWithException" classname="com.eventbus.client.EventBusClientTest" time="0.557">
    <system-err><![CDATA[WARNING: A Java agent has been loaded dynamically (/Users/chris/.m2/repository/net/bytebuddy/byte-buddy-agent/1.14.11/byte-buddy-agent-1.14.11.jar)
WARNING: If a serviceability tool is in use, please run with -XX:+EnableDynamicAgentLoading to hide this warning
WARNING: If a serviceability tool is not in use, please run with -Djdk.instrument.traceUsage for more information
WARNING: Dynamic loading of agents will be disallowed by default in a future release
Error publishing message: UNKNOWN
]]></system-err>
  </testcase>
  <testcase name="testSubscriptionError" classname="com.eventbus.client.EventBusClientTest" time="1.113">
    <system-err><![CDATA[Subscription error: UNKNOWN
]]></system-err>
  </testcase>
  <testcase name="testPublishMessage" classname="com.eventbus.client.EventBusClientTest" time="0.116"/>
  <testcase name="testSubscribeToTopic" classname="com.eventbus.client.EventBusClientTest" time="5.127">
    <system-out><![CDATA[Subscription completed
]]></system-out>
    <system-err><![CDATA[Subscription error: UNAVAILABLE: Channel shutdownNow invoked
]]></system-err>
  </testcase>
  <testcase name="testClientInitialization" classname="com.eventbus.client.EventBusClientTest" time="0.107"/>
  <testcase name="testPublishFailure" classname="com.eventbus.client.EventBusClientTest" time="0.112"/>
  <testcase name="testReceiveMessages" classname="com.eventbus.client.EventBusClientTest" time="5.117">
    <system-out><![CDATA[Subscription completed
]]></system-out>
    <system-err><![CDATA[Subscription error: UNAVAILABLE: Channel shutdownNow invoked
]]></system-err>
  </testcase>
</testsuite>